INFO [2019-11-19 21:51:53] $x
INFO [2019-11-19 21:51:53] list(HOT = hot_deg_up, COLD = cold_deg_up)
INFO [2019-11-19 21:51:53] 
INFO [2019-11-19 21:51:53] $filename
INFO [2019-11-19 21:51:53] paste0(prefix, "_up_reg_venn_diagram.tiff")
INFO [2019-11-19 21:51:53] 
INFO [2019-11-19 21:51:53] $lwd
INFO [2019-11-19 21:51:53] [1] 4
INFO [2019-11-19 21:51:53] 
INFO [2019-11-19 21:51:53] $fill
INFO [2019-11-19 21:51:53] c("red", "blue")
INFO [2019-11-19 21:51:53] 
INFO [2019-11-19 21:51:53] $alpha
INFO [2019-11-19 21:51:53] [1] 0.5
INFO [2019-11-19 21:51:53] 
INFO [2019-11-19 21:51:53] $label.col
INFO [2019-11-19 21:51:53] [1] "white"
INFO [2019-11-19 21:51:53] 
INFO [2019-11-19 21:51:53] $cex
INFO [2019-11-19 21:51:53] [1] 3
INFO [2019-11-19 21:51:53] 
INFO [2019-11-19 21:51:53] $fontfamily
INFO [2019-11-19 21:51:53] [1] "serif"
INFO [2019-11-19 21:51:53] 
INFO [2019-11-19 21:51:53] $fontface
INFO [2019-11-19 21:51:53] [1] "bold"
INFO [2019-11-19 21:51:53] 
INFO [2019-11-19 21:51:53] $cat.col
INFO [2019-11-19 21:51:53] c("red", "blue")
INFO [2019-11-19 21:51:53] 
INFO [2019-11-19 21:51:53] $cat.cex
INFO [2019-11-19 21:51:53] [1] 3
INFO [2019-11-19 21:51:53] 
INFO [2019-11-19 21:51:53] $cat.fontfamily
INFO [2019-11-19 21:51:53] [1] "serif"
INFO [2019-11-19 21:51:53] 
INFO [2019-11-19 21:51:53] $cat.fontface
INFO [2019-11-19 21:51:53] [1] "bold"
INFO [2019-11-19 21:51:53] 
INFO [2019-11-19 21:51:53] $cat.dist
INFO [2019-11-19 21:51:53] c(0.03, 0.03)
INFO [2019-11-19 21:51:53] 
INFO [2019-11-19 21:51:53] $cat.pos
INFO [2019-11-19 21:51:53] c(200, 180)
INFO [2019-11-19 21:51:53] 
