INFO [2020-01-30 12:50:48] $x
INFO [2020-01-30 12:50:48] list(CTmin = ctmin_snps, CTmax = ctmax_snps)
INFO [2020-01-30 12:50:48] 
INFO [2020-01-30 12:50:48] $category.names
INFO [2020-01-30 12:50:48] c(expression("CT"[min]), expression("CT"[max]))
INFO [2020-01-30 12:50:48] 
INFO [2020-01-30 12:50:48] $imagetype
INFO [2020-01-30 12:50:48] [1] "png"
INFO [2020-01-30 12:50:48] 
INFO [2020-01-30 12:50:48] $filename
INFO [2020-01-30 12:50:48] [1] "gwas_5_venn_diagram_ct.png"
INFO [2020-01-30 12:50:48] 
INFO [2020-01-30 12:50:48] $fill
INFO [2020-01-30 12:50:48] c("blue", "red")
INFO [2020-01-30 12:50:48] 
INFO [2020-01-30 12:50:48] $alpha
INFO [2020-01-30 12:50:48] [1] 0.5
INFO [2020-01-30 12:50:48] 
INFO [2020-01-30 12:50:48] $label.col
INFO [2020-01-30 12:50:48] [1] "white"
INFO [2020-01-30 12:50:48] 
INFO [2020-01-30 12:50:48] $fontfamily
INFO [2020-01-30 12:50:48] [1] "serif"
INFO [2020-01-30 12:50:48] 
INFO [2020-01-30 12:50:48] $fontface
INFO [2020-01-30 12:50:48] [1] "bold"
INFO [2020-01-30 12:50:48] 
INFO [2020-01-30 12:50:48] $cat.cex
INFO [2020-01-30 12:50:48] [1] 2
INFO [2020-01-30 12:50:48] 
INFO [2020-01-30 12:50:48] $cat.dist
INFO [2020-01-30 12:50:48] [1] 0.1
INFO [2020-01-30 12:50:48] 
INFO [2020-01-30 12:50:48] $margin
INFO [2020-01-30 12:50:48] [1] 0.1
INFO [2020-01-30 12:50:48] 
INFO [2020-01-30 12:50:48] $cex
INFO [2020-01-30 12:50:48] [1] 2
INFO [2020-01-30 12:50:48] 
INFO [2020-01-30 12:50:48] $cat.col
INFO [2020-01-30 12:50:48] c("blue", "red")
INFO [2020-01-30 12:50:48] 
INFO [2020-01-30 12:50:48] $cat.fontfamily
INFO [2020-01-30 12:50:48] [1] "serif"
INFO [2020-01-30 12:50:48] 
INFO [2020-01-30 12:50:48] $cat.fontface
INFO [2020-01-30 12:50:48] [1] "bold"
INFO [2020-01-30 12:50:48] 
